Using pre-set license
Built from '2020.3/staging' branch; Version is '2020.3.16f1 (049d6eca3c44) revision 302446'; Using compiler version '192528614'; Build Type 'Release'
OS: 'Windows 10 Enterprise; OS build 19042.1586; Version 2009; 64bit' Language: 'en' Physical Memory: 16292 MB
BatchMode: 1, IsHumanControllingUs: 0, StartBugReporterOnCrash: 0, Is64bit: 1, IsPro: 0

 COMMAND LINE ARGUMENTS:
C:\Program Files\Unity\Hub\Editor\2020.3.16f1\Editor\Unity.exe
-adb2
-batchMode
-noUpm
-name
AssetImportWorker0
-projectPath
C:/Users/jpeterson5/Documents/GitHub/group_project/doors
-logFile
Logs/AssetImportWorker0.log
-srvPort
63649
Successfully changed project path to: C:/Users/jpeterson5/Documents/GitHub/group_project/doors
C:/Users/jpeterson5/Documents/GitHub/group_project/doors
Using Asset Import Pipeline V2.
Refreshing native plugins compatible for Editor in 31.57 ms, found 2 plugins.
Preloading 0 native plugins for Editor in 0.00 ms.
Initialize engine version: 2020.3.16f1 (049d6eca3c44)
[Subsystems] Discovering subsystems at path C:/Program Files/Unity/Hub/Editor/2020.3.16f1/Editor/Data/Resources/UnitySubsystems
[Subsystems] Discovering subsystems at path C:/Users/jpeterson5/Documents/GitHub/group_project/doors/Assets
GfxDevice: creating device client; threaded=0
Direct3D:
    Version:  Direct3D 11.0 [level 11.1]
    Renderer: NVIDIA GeForce GTX 960 (ID=0x1401)
    Vendor:   
    VRAM:     4053 MB
    Driver:   27.21.14.5671
Initialize mono
Mono path[0] = 'C:/Program Files/Unity/Hub/Editor/2020.3.16f1/Editor/Data/Managed'
Mono path[1] = 'C:/Program Files/Unity/Hub/Editor/2020.3.16f1/Editor/Data/MonoBleedingEdge/lib/mono/unityjit'
Mono config path = 'C:/Program Files/Unity/Hub/Editor/2020.3.16f1/Editor/Data/MonoBleedingEdge/etc'
Using monoOptions --debugger-agent=transport=dt_socket,embedding=1,server=y,suspend=n,address=127.0.0.1:56028
Begin MonoManager ReloadAssembly
Registering precompiled unity dll's ...
Register platform support module: C:/Program Files/Unity/Hub/Editor/2020.3.16f1/Editor/Data/PlaybackEngines/WindowsStandaloneSupport/UnityEditor.WindowsStandalone.Extensions.dll
Registered in 0.001586 seconds.
Native extension for WindowsStandalone target not found
Refreshing native plugins compatible for Editor in 30.19 ms, found 2 plugins.
Preloading 0 native plugins for Editor in 0.00 ms.
Mono: successfully reloaded assembly
- Completed reload, in  2.590 seconds
Domain Reload Profiling:
	ReloadAssembly (2590ms)
		BeginReloadAssembly (74ms)
			ExecutionOrderSort (0ms)
			DisableScriptedObjects (0ms)
			BackupInstance (0ms)
			ReleaseScriptingObjects (0ms)
			CreateAndSetChildDomain (1ms)
		EndReloadAssembly (515ms)
			LoadAssemblies (73ms)
			RebuildTransferFunctionScriptingTraits (0ms)
			SetupTypeCache (212ms)
			ReleaseScriptCaches (0ms)
			RebuildScriptCaches (34ms)
			SetupLoadedEditorAssemblies (182ms)
				LogAssemblyErrors (0ms)
				InitializePlatformSupportModulesInManaged (5ms)
				SetLoadedEditorAssemblies (0ms)
				RefreshPlugins (30ms)
				BeforeProcessingInitializeOnLoad (10ms)
				ProcessInitializeOnLoadAttributes (102ms)
				ProcessInitializeOnLoadMethodAttributes (35ms)
				AfterProcessingInitializeOnLoad (0ms)
				EditorAssembliesLoaded (0ms)
			ExecutionOrderSort2 (0ms)
			AwakeInstancesAfterBackupRestoration (0ms)
Platform modules already initialized, skipping
Registering precompiled user dll's ...
Registered in 0.007486 seconds.
Begin MonoManager ReloadAssembly
Native extension for WindowsStandalone target not found
Refreshing native plugins compatible for Editor in 0.39 ms, found 2 plugins.
Preloading 0 native plugins for Editor in 0.00 ms.
Mono: successfully reloaded assembly
- Completed reload, in  1.723 seconds
Domain Reload Profiling:
	ReloadAssembly (1724ms)
		BeginReloadAssembly (274ms)
			ExecutionOrderSort (0ms)
			DisableScriptedObjects (6ms)
			BackupInstance (0ms)
			ReleaseScriptingObjects (0ms)
			CreateAndSetChildDomain (27ms)
		EndReloadAssembly (1354ms)
			LoadAssemblies (186ms)
			RebuildTransferFunctionScriptingTraits (0ms)
			SetupTypeCache (405ms)
			ReleaseScriptCaches (0ms)
			RebuildScriptCaches (60ms)
			SetupLoadedEditorAssemblies (648ms)
				LogAssemblyErrors (0ms)
				InitializePlatformSupportModulesInManaged (6ms)
				SetLoadedEditorAssemblies (0ms)
				RefreshPlugins (0ms)
				BeforeProcessingInitializeOnLoad (72ms)
				ProcessInitializeOnLoadAttributes (561ms)
				ProcessInitializeOnLoadMethodAttributes (5ms)
				AfterProcessingInitializeOnLoad (3ms)
				EditorAssembliesLoaded (0ms)
			ExecutionOrderSort2 (0ms)
			AwakeInstancesAfterBackupRestoration (8ms)
Platform modules already initialized, skipping
========================================================================
Worker process is ready to serve import requests
Launched and connected shader compiler UnityShaderCompiler.exe after 0.14 seconds
Refreshing native plugins compatible for Editor in 0.58 ms, found 2 plugins.
Preloading 0 native plugins for Editor in 0.00 ms.
Unloading 1401 Unused Serialized files (Serialized files now loaded: 0)
System memory in use before: 64.9 MB.
System memory in use after: 65.0 MB.

Unloading 18 unused Assets to reduce memory usage. Loaded Objects now: 1834.
Total: 21.242300 ms (FindLiveObjects: 0.269600 ms CreateObjectMapping: 0.080200 ms MarkObjects: 20.743600 ms  DeleteObjects: 0.146200 ms)

AssetImportParameters requested are different than current active one (requested -> active):
  custom:framework-win-MediaFoundation: 216162199b28c13a410421893ffa2e32 -> 
  custom:video-decoder-ogg-theora: a1e56fd34408186e4bbccfd4996cb3dc -> 
  custom:container-muxer-webm: aa71ff27fc2769a1b78a27578f13a17b -> 
  custom:container-demuxer-webm: 4f35f7cbe854078d1ac9338744f61a02 -> 
  custom:container-demuxer-ogg: 62fdf1f143b41e24485cea50d1cbac27 -> 
  custom:video-encoder-webm-vp8: eb34c28f22e8b96e1ab97ce403110664 -> 
  custom:video-decoder-webm-vp8: 9c59270c3fd7afecdb556c50c9e8de78 -> 
  custom:audio-decoder-ogg-vorbis: bf7c407c2cedff20999df2af8eb42d56 -> 
  custom:audio-encoder-webm-vorbis: bf7c407c2cedff20999df2af8eb42d56 -> 
========================================================================
Received Import Request.
  path: Assets/Scripts
  artifactKey: Guid(315c9bccc3ceeac46b430d7ce9f2bab5) Importer(815301076,1909f56bfc062723c751e8b465ee728b)
Start importing Assets/Scripts using Guid(315c9bccc3ceeac46b430d7ce9f2bab5) Importer(815301076,1909f56bfc062723c751e8b465ee728b)  -> (artifact id: '602abb0d5e98a7ac715ed684788992a0') in 0.044953 seconds 
  Import took 0.050185 seconds .

========================================================================
Received Import Request.
  Time since last request: 0.000385 seconds.
  path: Assets/Scripts/Player.cs
  artifactKey: Guid(da3ca1cddc171f64c84e524dc0ba24a1) Importer(815301076,1909f56bfc062723c751e8b465ee728b)
Start importing Assets/Scripts/Player.cs using Guid(da3ca1cddc171f64c84e524dc0ba24a1) Importer(815301076,1909f56bfc062723c751e8b465ee728b)  -> (artifact id: '9847a1df84266be642a194f09c15157c') in 0.067673 seconds 
  Import took 0.072662 seconds .

========================================================================
Received Import Request.
  Time since last request: 796.274415 seconds.
  path: Assets/Materials/Blue Door.mat
  artifactKey: Guid(587f9e1c30d89d84b902d9fe1f733e40) Importer(815301076,1909f56bfc062723c751e8b465ee728b)
Start importing Assets/Materials/Blue Door.mat using Guid(587f9e1c30d89d84b902d9fe1f733e40) Importer(815301076,1909f56bfc062723c751e8b465ee728b)  -> (artifact id: '51da17f70b04b723dd00f5a185dd47e6') in 0.508653 seconds 
  Import took 0.512614 seconds .

========================================================================
Received Import Request.
  Time since last request: 0.000354 seconds.
  path: Assets/Materials/Cyan.mat
  artifactKey: Guid(3d2367d5636c14742860f70c2767301d) Importer(815301076,1909f56bfc062723c751e8b465ee728b)
Start importing Assets/Materials/Cyan.mat using Guid(3d2367d5636c14742860f70c2767301d) Importer(815301076,1909f56bfc062723c751e8b465ee728b)  -> (artifact id: '0bd92e66b8c9d270fc238a83e9f2a899') in 0.037856 seconds 
  Import took 0.040372 seconds .

========================================================================
Received Import Request.
  Time since last request: 0.000328 seconds.
  path: Assets/Materials/Green.mat
  artifactKey: Guid(4547a2285624d8c47a25b0769660d982) Importer(815301076,1909f56bfc062723c751e8b465ee728b)
Start importing Assets/Materials/Green.mat using Guid(4547a2285624d8c47a25b0769660d982) Importer(815301076,1909f56bfc062723c751e8b465ee728b)  -> (artifact id: '5e7e72ee6ce7a44109df05afac32dcaf') in 0.164893 seconds 
  Import took 0.167513 seconds .

========================================================================
Received Import Request.
  Time since last request: 0.000358 seconds.
  path: Assets/Prefabs/PlayerController.prefab
  artifactKey: Guid(dabb3ed4badbc17418dc6b73d4b7b6a8) Importer(815301076,1909f56bfc062723c751e8b465ee728b)
Start importing Assets/Prefabs/PlayerController.prefab using Guid(dabb3ed4badbc17418dc6b73d4b7b6a8) Importer(815301076,1909f56bfc062723c751e8b465ee728b)  -> (artifact id: '95b8e4d159ed57b6980da3ffb27067d0') in 0.052556 seconds 
  Import took 0.055270 seconds .

========================================================================
Received Import Request.
  Time since last request: 0.000273 seconds.
  path: Assets/Materials/Green Door.mat
  artifactKey: Guid(373f4ce4fd7e86144bab218e437f36a4) Importer(815301076,1909f56bfc062723c751e8b465ee728b)
Start importing Assets/Materials/Green Door.mat using Guid(373f4ce4fd7e86144bab218e437f36a4) Importer(815301076,1909f56bfc062723c751e8b465ee728b)  -> (artifact id: '85f5444ca945360097bd6fd85d8b7ce6') in 0.037385 seconds 
  Import took 0.039978 seconds .

========================================================================
Received Import Request.
  Time since last request: 0.000257 seconds.
  path: Assets/Materials/Dark Purple.mat
  artifactKey: Guid(652847f051b225349a952151adcf4277) Importer(815301076,1909f56bfc062723c751e8b465ee728b)
Start importing Assets/Materials/Dark Purple.mat using Guid(652847f051b225349a952151adcf4277) Importer(815301076,1909f56bfc062723c751e8b465ee728b)  -> (artifact id: '1bc6ece2b3dd37f330c458680e11f3d9') in 0.035739 seconds 
  Import took 0.038199 seconds .

========================================================================
Received Import Request.
  Time since last request: 0.000259 seconds.
  path: Assets/Materials/Blue Door.mat
  artifactKey: Guid(587f9e1c30d89d84b902d9fe1f733e40) Importer(815301076,1909f56bfc062723c751e8b465ee728b)
Start importing Assets/Materials/Blue Door.mat using Guid(587f9e1c30d89d84b902d9fe1f733e40) Importer(815301076,1909f56bfc062723c751e8b465ee728b)  -> (artifact id: '51da17f70b04b723dd00f5a185dd47e6') in 0.029468 seconds 
  Import took 0.032077 seconds .

========================================================================
Received Import Request.
  Time since last request: 0.000299 seconds.
  path: Assets/Materials/Orange.mat
  artifactKey: Guid(ed8e16b90ed967943b56009579859470) Importer(815301076,1909f56bfc062723c751e8b465ee728b)
Start importing Assets/Materials/Orange.mat using Guid(ed8e16b90ed967943b56009579859470) Importer(815301076,1909f56bfc062723c751e8b465ee728b)  -> (artifact id: '3198471d6807366aad599f7bb5e74387') in 0.037188 seconds 
  Import took 0.039900 seconds .

========================================================================
Received Import Request.
  Time since last request: 0.000298 seconds.
  path: Assets/Materials/Red Door.mat
  artifactKey: Guid(fd4ab05e87c3f344c9820e668726ca89) Importer(815301076,1909f56bfc062723c751e8b465ee728b)
Start importing Assets/Materials/Red Door.mat using Guid(fd4ab05e87c3f344c9820e668726ca89) Importer(815301076,1909f56bfc062723c751e8b465ee728b)  -> (artifact id: '2de041526d3eaa66371c2a8fa39d20a3') in 0.037343 seconds 
  Import took 0.041216 seconds .

========================================================================
Received Import Request.
  Time since last request: 0.000285 seconds.
  path: Assets/Materials/Gold.mat
  artifactKey: Guid(04a25404dcafd694f972013707a81ac0) Importer(815301076,1909f56bfc062723c751e8b465ee728b)
Start importing Assets/Materials/Gold.mat using Guid(04a25404dcafd694f972013707a81ac0) Importer(815301076,1909f56bfc062723c751e8b465ee728b)  -> (artifact id: 'f46d5c0b99dc5c6904a050f2908def07') in 0.039523 seconds 
  Import took 0.042799 seconds .

========================================================================
Received Import Request.
  Time since last request: 0.000304 seconds.
  path: Assets/Materials/Purple.mat
  artifactKey: Guid(72f0b00f5b2f8a84e8afd588bc871bb2) Importer(815301076,1909f56bfc062723c751e8b465ee728b)
Start importing Assets/Materials/Purple.mat using Guid(72f0b00f5b2f8a84e8afd588bc871bb2) Importer(815301076,1909f56bfc062723c751e8b465ee728b)  -> (artifact id: '915aab65e6fcfd8ae8ac49afcdf2c62d') in 0.036870 seconds 
  Import took 0.039912 seconds .

========================================================================
Received Import Request.
  Time since last request: 68.846303 seconds.
  path: Assets/Scenes/Level0.unity
  artifactKey: Guid(d7a64057768a023408c8b6981add636b) Importer(815301076,1909f56bfc062723c751e8b465ee728b)
Start importing Assets/Scenes/Level0.unity using Guid(d7a64057768a023408c8b6981add636b) Importer(815301076,1909f56bfc062723c751e8b465ee728b)  -> (artifact id: '70514e824f804f66a407ee7619f063f3') in 0.020848 seconds 
  Import took 0.024136 seconds .

========================================================================
Received Import Request.
  Time since last request: 10.934272 seconds.
  path: Assets/Scripts/Door.cs
  artifactKey: Guid(66aa38eab58c16b4795f8ab45b999253) Importer(815301076,1909f56bfc062723c751e8b465ee728b)
Start importing Assets/Scripts/Door.cs using Guid(66aa38eab58c16b4795f8ab45b999253) Importer(815301076,1909f56bfc062723c751e8b465ee728b)  -> (artifact id: '1a7c7c1bb6a0e7ae8a34bcde0d2507e8') in 0.020557 seconds 
  Import took 0.024267 seconds .

========================================================================
Received Import Request.
  Time since last request: 1.616718 seconds.
  path: Assets/Scripts/CharController.cs
  artifactKey: Guid(e568df1be60b23f48a3d7998fa8d45e8) Importer(815301076,1909f56bfc062723c751e8b465ee728b)
Start importing Assets/Scripts/CharController.cs using Guid(e568df1be60b23f48a3d7998fa8d45e8) Importer(815301076,1909f56bfc062723c751e8b465ee728b)  -> (artifact id: 'bd7c441918cdd0aea373d47c5a1205a3') in 0.017101 seconds 
  Import took 0.020644 seconds .

========================================================================
Received Import Request.
  Time since last request: 1.387720 seconds.
  path: Assets/Scripts/MouseLook.cs
  artifactKey: Guid(fa1bc9d0f18e31b4f95d986e72ba3295) Importer(815301076,1909f56bfc062723c751e8b465ee728b)
Start importing Assets/Scripts/MouseLook.cs using Guid(fa1bc9d0f18e31b4f95d986e72ba3295) Importer(815301076,1909f56bfc062723c751e8b465ee728b)  -> (artifact id: 'e41e9a36b5e50e225a0c682f7b5d80c4') in 0.020132 seconds 
  Import took 0.023394 seconds .

AssetImportWorkerClient::OnTransportError - code=2 error=End of file
