Using pre-set license
Built from '2020.3/staging' branch; Version is '2020.3.16f1 (049d6eca3c44) revision 302446'; Using compiler version '192528614'; Build Type 'Release'
OS: 'Windows 10 Enterprise; OS build 19042.1586; Version 2009; 64bit' Language: 'en' Physical Memory: 16292 MB
BatchMode: 1, IsHumanControllingUs: 0, StartBugReporterOnCrash: 0, Is64bit: 1, IsPro: 0

 COMMAND LINE ARGUMENTS:
C:\Program Files\Unity\Hub\Editor\2020.3.16f1\Editor\Unity.exe
-adb2
-batchMode
-noUpm
-name
AssetImportWorker0
-projectPath
C:/Users/jpeterson5/Documents/GitHub/group_project/wattpad romcom
-logFile
Logs/AssetImportWorker0.log
-srvPort
63948
Successfully changed project path to: C:/Users/jpeterson5/Documents/GitHub/group_project/wattpad romcom
C:/Users/jpeterson5/Documents/GitHub/group_project/wattpad romcom
Using Asset Import Pipeline V2.
Refreshing native plugins compatible for Editor in 39.55 ms, found 2 plugins.
Preloading 0 native plugins for Editor in 0.00 ms.
Initialize engine version: 2020.3.16f1 (049d6eca3c44)
[Subsystems] Discovering subsystems at path C:/Program Files/Unity/Hub/Editor/2020.3.16f1/Editor/Data/Resources/UnitySubsystems
[Subsystems] Discovering subsystems at path C:/Users/jpeterson5/Documents/GitHub/group_project/wattpad romcom/Assets
GfxDevice: creating device client; threaded=0
Direct3D:
    Version:  Direct3D 11.0 [level 11.1]
    Renderer: NVIDIA GeForce GTX 960 (ID=0x1401)
    Vendor:   
    VRAM:     4053 MB
    Driver:   27.21.14.5671
Initialize mono
Mono path[0] = 'C:/Program Files/Unity/Hub/Editor/2020.3.16f1/Editor/Data/Managed'
Mono path[1] = 'C:/Program Files/Unity/Hub/Editor/2020.3.16f1/Editor/Data/MonoBleedingEdge/lib/mono/unityjit'
Mono config path = 'C:/Program Files/Unity/Hub/Editor/2020.3.16f1/Editor/Data/MonoBleedingEdge/etc'
Using monoOptions --debugger-agent=transport=dt_socket,embedding=1,server=y,suspend=n,address=127.0.0.1:56236
Begin MonoManager ReloadAssembly
Registering precompiled unity dll's ...
Register platform support module: C:/Program Files/Unity/Hub/Editor/2020.3.16f1/Editor/Data/PlaybackEngines/WindowsStandaloneSupport/UnityEditor.WindowsStandalone.Extensions.dll
Registered in 0.001902 seconds.
Native extension for WindowsStandalone target not found
Refreshing native plugins compatible for Editor in 38.47 ms, found 2 plugins.
Preloading 0 native plugins for Editor in 0.00 ms.
Mono: successfully reloaded assembly
- Completed reload, in  2.867 seconds
Domain Reload Profiling:
	ReloadAssembly (2868ms)
		BeginReloadAssembly (87ms)
			ExecutionOrderSort (0ms)
			DisableScriptedObjects (0ms)
			BackupInstance (0ms)
			ReleaseScriptingObjects (0ms)
			CreateAndSetChildDomain (1ms)
		EndReloadAssembly (711ms)
			LoadAssemblies (86ms)
			RebuildTransferFunctionScriptingTraits (0ms)
			SetupTypeCache (232ms)
			ReleaseScriptCaches (0ms)
			RebuildScriptCaches (44ms)
			SetupLoadedEditorAssemblies (311ms)
				LogAssemblyErrors (0ms)
				InitializePlatformSupportModulesInManaged (6ms)
				SetLoadedEditorAssemblies (0ms)
				RefreshPlugins (39ms)
				BeforeProcessingInitializeOnLoad (19ms)
				ProcessInitializeOnLoadAttributes (184ms)
				ProcessInitializeOnLoadMethodAttributes (63ms)
				AfterProcessingInitializeOnLoad (0ms)
				EditorAssembliesLoaded (0ms)
			ExecutionOrderSort2 (0ms)
			AwakeInstancesAfterBackupRestoration (0ms)
Platform modules already initialized, skipping
Registering precompiled user dll's ...
Registered in 0.006924 seconds.
Begin MonoManager ReloadAssembly
Native extension for WindowsStandalone target not found
Refreshing native plugins compatible for Editor in 0.68 ms, found 2 plugins.
Preloading 0 native plugins for Editor in 0.00 ms.
Mono: successfully reloaded assembly
- Completed reload, in  3.517 seconds
Domain Reload Profiling:
	ReloadAssembly (3518ms)
		BeginReloadAssembly (317ms)
			ExecutionOrderSort (0ms)
			DisableScriptedObjects (6ms)
			BackupInstance (0ms)
			ReleaseScriptingObjects (0ms)
			CreateAndSetChildDomain (39ms)
		EndReloadAssembly (3035ms)
			LoadAssemblies (199ms)
			RebuildTransferFunctionScriptingTraits (0ms)
			SetupTypeCache (1121ms)
			ReleaseScriptCaches (1ms)
			RebuildScriptCaches (744ms)
			SetupLoadedEditorAssemblies (643ms)
				LogAssemblyErrors (0ms)
				InitializePlatformSupportModulesInManaged (9ms)
				SetLoadedEditorAssemblies (1ms)
				RefreshPlugins (1ms)
				BeforeProcessingInitializeOnLoad (96ms)
				ProcessInitializeOnLoadAttributes (529ms)
				ProcessInitializeOnLoadMethodAttributes (5ms)
				AfterProcessingInitializeOnLoad (3ms)
				EditorAssembliesLoaded (0ms)
			ExecutionOrderSort2 (0ms)
			AwakeInstancesAfterBackupRestoration (8ms)
Platform modules already initialized, skipping
========================================================================
Worker process is ready to serve import requests
Launched and connected shader compiler UnityShaderCompiler.exe after 0.10 seconds
Refreshing native plugins compatible for Editor in 0.60 ms, found 2 plugins.
Preloading 0 native plugins for Editor in 0.00 ms.
Unloading 1404 Unused Serialized files (Serialized files now loaded: 0)
System memory in use before: 65.1 MB.
System memory in use after: 65.2 MB.

Unloading 18 unused Assets to reduce memory usage. Loaded Objects now: 1837.
Total: 5.214700 ms (FindLiveObjects: 0.348000 ms CreateObjectMapping: 0.099800 ms MarkObjects: 4.661900 ms  DeleteObjects: 0.103300 ms)

AssetImportParameters requested are different than current active one (requested -> active):
  custom:framework-win-MediaFoundation: 216162199b28c13a410421893ffa2e32 -> 
  custom:video-decoder-ogg-theora: a1e56fd34408186e4bbccfd4996cb3dc -> 
  custom:container-muxer-webm: aa71ff27fc2769a1b78a27578f13a17b -> 
  custom:container-demuxer-webm: 4f35f7cbe854078d1ac9338744f61a02 -> 
  custom:container-demuxer-ogg: 62fdf1f143b41e24485cea50d1cbac27 -> 
  custom:video-encoder-webm-vp8: eb34c28f22e8b96e1ab97ce403110664 -> 
  custom:video-decoder-webm-vp8: 9c59270c3fd7afecdb556c50c9e8de78 -> 
  custom:audio-decoder-ogg-vorbis: bf7c407c2cedff20999df2af8eb42d56 -> 
  custom:audio-encoder-webm-vorbis: bf7c407c2cedff20999df2af8eb42d56 -> 
========================================================================
Received Import Request.
  path: Assets/Script/player.cs
  artifactKey: Guid(bbdb595e1e2bd1b41ae846fdfff689f5) Importer(815301076,1909f56bfc062723c751e8b465ee728b)
Start importing Assets/Script/player.cs using Guid(bbdb595e1e2bd1b41ae846fdfff689f5) Importer(815301076,1909f56bfc062723c751e8b465ee728b)  -> (artifact id: 'f846b205cf4bc04b7c1ebc2c30db730d') in 0.062796 seconds 
  Import took 0.065920 seconds .

========================================================================
Received Prepare
Registering precompiled user dll's ...
Registered in 0.007708 seconds.
Begin MonoManager ReloadAssembly
Native extension for WindowsStandalone target not found
Refreshing native plugins compatible for Editor in 0.48 ms, found 2 plugins.
Preloading 0 native plugins for Editor in 0.00 ms.
Mono: successfully reloaded assembly
- Completed reload, in  1.332 seconds
Domain Reload Profiling:
	ReloadAssembly (1332ms)
		BeginReloadAssembly (161ms)
			ExecutionOrderSort (0ms)
			DisableScriptedObjects (6ms)
			BackupInstance (0ms)
			ReleaseScriptingObjects (0ms)
			CreateAndSetChildDomain (45ms)
		EndReloadAssembly (1106ms)
			LoadAssemblies (121ms)
			RebuildTransferFunctionScriptingTraits (0ms)
			SetupTypeCache (317ms)
			ReleaseScriptCaches (1ms)
			RebuildScriptCaches (56ms)
			SetupLoadedEditorAssemblies (498ms)
				LogAssemblyErrors (0ms)
				InitializePlatformSupportModulesInManaged (5ms)
				SetLoadedEditorAssemblies (1ms)
				RefreshPlugins (1ms)
				BeforeProcessingInitializeOnLoad (62ms)
				ProcessInitializeOnLoadAttributes (421ms)
				ProcessInitializeOnLoadMethodAttributes (5ms)
				AfterProcessingInitializeOnLoad (4ms)
				EditorAssembliesLoaded (0ms)
			ExecutionOrderSort2 (0ms)
			AwakeInstancesAfterBackupRestoration (9ms)
Platform modules already initialized, skipping
Refreshing native plugins compatible for Editor in 0.45 ms, found 2 plugins.
Preloading 0 native plugins for Editor in 0.00 ms.
Unloading 1398 Unused Serialized files (Serialized files now loaded: 0)
System memory in use before: 64.9 MB.
System memory in use after: 65.0 MB.

Unloading 13 unused Assets to reduce memory usage. Loaded Objects now: 1839.
Total: 3.860000 ms (FindLiveObjects: 0.210500 ms CreateObjectMapping: 0.063900 ms MarkObjects: 3.556100 ms  DeleteObjects: 0.027700 ms)

AssetImportParameters requested are different than current active one (requested -> active):
  custom:framework-win-MediaFoundation: 216162199b28c13a410421893ffa2e32 -> 
  custom:video-decoder-ogg-theora: a1e56fd34408186e4bbccfd4996cb3dc -> 
  custom:container-muxer-webm: aa71ff27fc2769a1b78a27578f13a17b -> 
  custom:container-demuxer-webm: 4f35f7cbe854078d1ac9338744f61a02 -> 
  custom:container-demuxer-ogg: 62fdf1f143b41e24485cea50d1cbac27 -> 
  custom:video-encoder-webm-vp8: eb34c28f22e8b96e1ab97ce403110664 -> 
  custom:video-decoder-webm-vp8: 9c59270c3fd7afecdb556c50c9e8de78 -> 
  custom:audio-decoder-ogg-vorbis: bf7c407c2cedff20999df2af8eb42d56 -> 
  custom:audio-encoder-webm-vorbis: bf7c407c2cedff20999df2af8eb42d56 -> 
========================================================================
Received Import Request.
  Time since last request: 993.307292 seconds.
  path: Assets/Script
  artifactKey: Guid(34a3999095747ec4bb3cda3c7611f77d) Importer(815301076,1909f56bfc062723c751e8b465ee728b)
Start importing Assets/Script using Guid(34a3999095747ec4bb3cda3c7611f77d) Importer(815301076,1909f56bfc062723c751e8b465ee728b)  -> (artifact id: '639f723b383d0483a6cd4a5eb4fb0ed6') in 0.026588 seconds 
  Import took 0.030782 seconds .

========================================================================
Received Import Request.
  Time since last request: 195.116343 seconds.
  path: Assets/Materials/Bread.mat
  artifactKey: Guid(1fb113026d6ca1c4c91294f4391c52a5) Importer(815301076,1909f56bfc062723c751e8b465ee728b)
Start importing Assets/Materials/Bread.mat using Guid(1fb113026d6ca1c4c91294f4391c52a5) Importer(815301076,1909f56bfc062723c751e8b465ee728b)  -> (artifact id: 'f38be5feaa94204a8acef53b1c5d074f') in 0.135867 seconds 
  Import took 0.140556 seconds .

========================================================================
Received Import Request.
  Time since last request: 0.000276 seconds.
  path: Assets/Materials/Viridian.mat
  artifactKey: Guid(1f7c5a2ca7a8a2f44b2a4c7fd6dd63c4) Importer(815301076,1909f56bfc062723c751e8b465ee728b)
Start importing Assets/Materials/Viridian.mat using Guid(1f7c5a2ca7a8a2f44b2a4c7fd6dd63c4) Importer(815301076,1909f56bfc062723c751e8b465ee728b)  -> (artifact id: 'e1a41f22a2a2040247521c395a4da33e') in 0.041380 seconds 
  Import took 0.045397 seconds .

========================================================================
Received Import Request.
  Time since last request: 6.428966 seconds.
  path: Assets/Materials/New Material.mat
  artifactKey: Guid(090da65faedc6cf41a7f3d3b7dd9719a) Importer(815301076,1909f56bfc062723c751e8b465ee728b)
Start importing Assets/Materials/New Material.mat using Guid(090da65faedc6cf41a7f3d3b7dd9719a) Importer(815301076,1909f56bfc062723c751e8b465ee728b)  -> (artifact id: '9d3edb3002ef621ebd6433bb945dd02e') in 0.044772 seconds 
  Import took 0.048366 seconds .

========================================================================
Received Import Request.
  Time since last request: 13.973218 seconds.
  path: Assets/Materials/Exit.mat
  artifactKey: Guid(090da65faedc6cf41a7f3d3b7dd9719a) Importer(815301076,1909f56bfc062723c751e8b465ee728b)
Start importing Assets/Materials/Exit.mat using Guid(090da65faedc6cf41a7f3d3b7dd9719a) Importer(815301076,1909f56bfc062723c751e8b465ee728b)  -> (artifact id: '929be07b677d2a0a6845b12c66720387') in 0.036858 seconds 
  Import took 0.040528 seconds .

========================================================================
Received Import Request.
  Time since last request: 45.958474 seconds.
  path: ProjectSettings/TagManager.asset
  artifactKey: Guid(00000000000000003000000000000000) Importer(815301076,1909f56bfc062723c751e8b465ee728b)
Start importing ProjectSettings/TagManager.asset using Guid(00000000000000003000000000000000) Importer(815301076,1909f56bfc062723c751e8b465ee728b)  -> (artifact id: '787e7b91e5e0c2834603ceaa959f2922') in 0.025037 seconds 
  Import took 0.028119 seconds .

========================================================================
Received Import Request.
  Time since last request: 51.155562 seconds.
  path: Assets/Exit.prefab
  artifactKey: Guid(65b16a70021490d45ac6fce881c0ba0d) Importer(815301076,1909f56bfc062723c751e8b465ee728b)
Start importing Assets/Exit.prefab using Guid(65b16a70021490d45ac6fce881c0ba0d) Importer(815301076,1909f56bfc062723c751e8b465ee728b)  -> (artifact id: '1d5c8ddfccc3e98982c97da4209e5765') in 0.048466 seconds 
  Import took 0.051958 seconds .

========================================================================
Received Import Request.
  Time since last request: 0.092309 seconds.
  path: Assets/Prefabs/Acid.prefab
  artifactKey: Guid(e8c22ac3c6dbf4449b3bf8327ee6e805) Importer(815301076,1909f56bfc062723c751e8b465ee728b)
Start importing Assets/Prefabs/Acid.prefab using Guid(e8c22ac3c6dbf4449b3bf8327ee6e805) Importer(815301076,1909f56bfc062723c751e8b465ee728b)  -> (artifact id: '0fa06429d6edfc497fb356d6234c007e') in 0.030792 seconds 
  Import took 0.033999 seconds .

========================================================================
Received Import Request.
  Time since last request: 0.000272 seconds.
  path: Assets/Prefabs/Enemy.prefab
  artifactKey: Guid(48017e4c190b2794ba5e6984a34a0f8b) Importer(815301076,1909f56bfc062723c751e8b465ee728b)
Start importing Assets/Prefabs/Enemy.prefab using Guid(48017e4c190b2794ba5e6984a34a0f8b) Importer(815301076,1909f56bfc062723c751e8b465ee728b)  -> (artifact id: '597ad6ba7b5e0080f383c36a10ea03ab') in 0.031435 seconds 
  Import took 0.035242 seconds .

========================================================================
Received Import Request.
  Time since last request: 0.000262 seconds.
  path: Assets/Prefabs/Gun 1.prefab
  artifactKey: Guid(a7a6c330373a7e046859e009af50e35f) Importer(815301076,1909f56bfc062723c751e8b465ee728b)
Start importing Assets/Prefabs/Gun 1.prefab using Guid(a7a6c330373a7e046859e009af50e35f) Importer(815301076,1909f56bfc062723c751e8b465ee728b)  -> (artifact id: '8622095b5cf80707824d05a6459d8b75') in 0.032086 seconds 
  Import took 0.035722 seconds .

========================================================================
Received Import Request.
  Time since last request: 0.000231 seconds.
  path: Assets/Prefabs/AcidSpawner.prefab
  artifactKey: Guid(96f37b9207c530849ade0c1437eacc4c) Importer(815301076,1909f56bfc062723c751e8b465ee728b)
Start importing Assets/Prefabs/AcidSpawner.prefab using Guid(96f37b9207c530849ade0c1437eacc4c) Importer(815301076,1909f56bfc062723c751e8b465ee728b)  -> (artifact id: '71c86e832a50add359e2488628f475b5') in 0.019939 seconds 
  Import took 0.023090 seconds .

========================================================================
Received Import Request.
  Time since last request: 0.000331 seconds.
  path: Assets/Prefabs/Laser.prefab
  artifactKey: Guid(16a6dae3a0f805141855ca848a4de129) Importer(815301076,1909f56bfc062723c751e8b465ee728b)
Start importing Assets/Prefabs/Laser.prefab using Guid(16a6dae3a0f805141855ca848a4de129) Importer(815301076,1909f56bfc062723c751e8b465ee728b)  -> (artifact id: '9ad3e9d1253613fd507ddc330d65e2f2') in 0.027822 seconds 
  Import took 0.031191 seconds .

========================================================================
Received Import Request.
  Time since last request: 884.309041 seconds.
  path: Assets/Scenes
  artifactKey: Guid(49fd6c9cc4eed3a4398b31d17638ab1f) Importer(815301076,1909f56bfc062723c751e8b465ee728b)
Start importing Assets/Scenes using Guid(49fd6c9cc4eed3a4398b31d17638ab1f) Importer(815301076,1909f56bfc062723c751e8b465ee728b)  -> (artifact id: '594d2340917f5e5ccc9026ab6b9d0c3d') in 0.021695 seconds 
  Import took 0.025462 seconds .

